#
# A fatal error has been detected by the Java Runtime Environment:
#
#  EXCEPTION_ACCESS_VIOLATION (0xc0000005) at pc=0x00007ffaf44e4559, pid=9456, tid=9332
#
# JRE version: Java(TM) SE Runtime Environment (8.0_66-b18) (build 1.8.0_66-b18)
# Java VM: Java HotSpot(TM) 64-Bit Server VM (25.66-b18 mixed mode windows-amd64 compressed oops)
# Problematic frame:
# C  [opencv_java300.dll+0x894559]
#
# Failed to write core dump. Minidumps are not enabled by default on client versions of Windows
#
# If you would like to submit a bug report, please visit:
#   http://bugreport.java.com/bugreport/crash.jsp
# The crash happened outside the Java Virtual Machine in native code.
# See problematic frame for where to report the bug.
#

---------------  T H R E A D  ---------------

Current thread (0x0000000002149800):  JavaThread "Finalizer" daemon [_thread_in_native, id=9332, stack(0x0000000019020000,0x0000000019120000)]

siginfo: ExceptionCode=0xc0000005, reading address 0x00000000008747d8

Registers:
RAX=0x00007ffaf44e9f20, RBX=0x00000000008747a0, RCX=0x00000000008747a0, RDX=0x000000001911f278
RSP=0x000000001911f190, RBP=0x000000001911f268, RSI=0x0000000000000020, RDI=0x0000000100006598
R8 =0x00000000008747a0, R9 =0x00000000000000db, R10=0x0000000002165e08, R11=0x0000000062a99570
R12=0x0000000000000000, R13=0x0000000016b7c258, R14=0x000000001911f290, R15=0x0000000002149800
RIP=0x00007ffaf44e4559, EFLAGS=0x0000000000010206

Top of Stack: (sp=0x000000001911f190)
0x000000001911f190:   0000000016848768 0000000000000000
0x000000001911f1a0:   0000000016848408 0000000062a6fe26
0x000000001911f1b0:   00000000008747a0 00007ffaf44e9f35
0x000000001911f1c0:   0000000002157ced 0000000000000000
0x000000001911f1d0:   0000000000000000 0000000000000000
0x000000001911f1e0:   0000000016b7c258 0000000002165e34
0x000000001911f1f0:   0000000000000000 0000000062a8b322
0x000000001911f200:   00000000d5a79ad8 0000000000000000
0x000000001911f210:   00000000d5a79ad8 00000000d7b7acb8
0x000000001911f220:   0000000000000009 000000001911f228
0x000000001911f230:   0000000000000000 000000001911f290
0x000000001911f240:   0000000016b828f0 0000000000000000
0x000000001911f250:   0000000016b7c258 0000000000000000
0x000000001911f260:   000000001911f288 000000001911f2d8
0x000000001911f270:   0000000002157ced 00000000d7a33610
0x000000001911f280:   000000000215f978 00000000008747a0 

Instructions: (pc=0x00007ffaf44e4559)
0x00007ffaf44e4539:   48 8b 5c 24 50 48 83 c4 30 5f c3 cc cc cc cc cc
0x00007ffaf44e4549:   cc cc cc cc cc cc cc 40 53 48 83 ec 20 48 8b d9
0x00007ffaf44e4559:   48 8b 49 38 48 85 c9 74 15 83 c8 ff f0 0f c1 41
0x00007ffaf44e4569:   14 83 f8 01 75 08 48 8b cb e8 c9 28 06 00 45 33 


Register to memory mapping:

RAX=0x00007ffaf44e9f20 is an unknown value
RBX=0x00000000008747a0 is an unknown value
RCX=0x00000000008747a0 is an unknown value
RDX=0x000000001911f278 is pointing into the stack for thread: 0x0000000002149800
RSP=0x000000001911f190 is pointing into the stack for thread: 0x0000000002149800
RBP=0x000000001911f268 is pointing into the stack for thread: 0x0000000002149800
RSI=0x0000000000000020 is an unknown value
RDI=0x0000000100006598 is pointing into metadata
R8 =0x00000000008747a0 is an unknown value
R9 =0x00000000000000db is an unknown value
R10=0x0000000002165e08 is at code_begin+840 in an Interpreter codelet
method entry point (kind = native)  [0x0000000002165ac0, 0x0000000002166420]  2400 bytes
R11=0x0000000062a99570 is an unknown value
R12=0x0000000000000000 is an unknown value
R13={method} {0x0000000016b7c260} 'n_delete' '(J)V' in 'org/opencv/core/Mat'
R14=0x000000001911f290 is pointing into the stack for thread: 0x0000000002149800
R15=0x0000000002149800 is a thread


Stack: [0x0000000019020000,0x0000000019120000],  sp=0x000000001911f190,  free space=1020k
Native frames: (J=compiled Java code, j=interpreted, Vv=VM code, C=native code)
C  [opencv_java300.dll+0x894559]
C  [opencv_java300.dll+0x899f35]
C  0x0000000002165e34

Java frames: (J=compiled Java code, j=interpreted, Vv=VM code)
j  org.opencv.core.Mat.n_delete(J)V+0
j  org.opencv.core.Mat.finalize()V+4
j  java.lang.System$2.invokeFinalize(Ljava/lang/Object;)V+1
j  java.lang.ref.Finalizer.runFinalizer(Lsun/misc/JavaLangAccess;)V+46
j  java.lang.ref.Finalizer.access$100(Ljava/lang/ref/Finalizer;Lsun/misc/JavaLangAccess;)V+2
j  java.lang.ref.Finalizer$FinalizerThread.run()V+45
v  ~StubRoutines::call_stub

---------------  P R O C E S S  ---------------

Java Threads: ( => current thread )
  0x000000001ba00800 JavaThread "D3D Screen Updater" daemon [_thread_blocked, id=3748, stack(0x0000000020f40000,0x0000000021040000)]
  0x0000000002050800 JavaThread "DestroyJavaVM" [_thread_blocked, id=8916, stack(0x0000000001f50000,0x0000000002050000)]
  0x000000001b978000 JavaThread "AWT-EventQueue-0" [_thread_in_native, id=9708, stack(0x00000000201b0000,0x00000000202b0000)]
  0x000000001b8ee800 JavaThread "AWT-Windows" daemon [_thread_in_native, id=7732, stack(0x000000001c360000,0x000000001c460000)]
  0x000000001b8ee000 JavaThread "AWT-Shutdown" [_thread_blocked, id=9920, stack(0x000000001c260000,0x000000001c360000)]
  0x000000001b8ed000 JavaThread "Java2D Disposer" daemon [_thread_blocked, id=6556, stack(0x000000001c160000,0x000000001c260000)]
  0x00000000192cc000 JavaThread "Service Thread" daemon [_thread_blocked, id=3396, stack(0x0000000019c00000,0x0000000019d00000)]
  0x0000000019237000 JavaThread "C1 CompilerThread3" daemon [_thread_blocked, id=7396, stack(0x0000000019b00000,0x0000000019c00000)]
  0x0000000019234800 JavaThread "C2 CompilerThread2" daemon [_thread_blocked, id=7604, stack(0x0000000019a00000,0x0000000019b00000)]
  0x000000001922d000 JavaThread "C2 CompilerThread1" daemon [_thread_blocked, id=7712, stack(0x0000000019900000,0x0000000019a00000)]
  0x0000000019227000 JavaThread "C2 CompilerThread0" daemon [_thread_blocked, id=7876, stack(0x0000000019800000,0x0000000019900000)]
  0x0000000019225000 JavaThread "Attach Listener" daemon [_thread_blocked, id=10148, stack(0x0000000019700000,0x0000000019800000)]
  0x0000000019224000 JavaThread "Signal Dispatcher" daemon [_thread_blocked, id=8976, stack(0x0000000019600000,0x0000000019700000)]
=>0x0000000002149800 JavaThread "Finalizer" daemon [_thread_in_native, id=9332, stack(0x0000000019020000,0x0000000019120000)]
  0x0000000002143000 JavaThread "Reference Handler" daemon [_thread_blocked, id=7764, stack(0x0000000018f20000,0x0000000019020000)]

Other Threads:
  0x0000000017149800 VMThread [stack: 0x0000000018e20000,0x0000000018f20000] [id=8504]
  0x00000000192da800 WatcherThread [stack: 0x0000000019d00000,0x0000000019e00000] [id=8756]

VM state:not at safepoint (normal execution)

VM Mutex/Monitor currently owned by a thread: None

Heap:
 PSYoungGen      total 38400K, used 3870K [0x00000000d5980000, 0x00000000d8400000, 0x0000000100000000)
  eden space 33280K, 7% used [0x00000000d5980000,0x00000000d5bc67b0,0x00000000d7a00000)
  from space 5120K, 30% used [0x00000000d7a00000,0x00000000d7b81188,0x00000000d7f00000)
  to   space 5120K, 0% used [0x00000000d7f00000,0x00000000d7f00000,0x00000000d8400000)
 ParOldGen       total 87552K, used 25982K [0x0000000080c00000, 0x0000000086180000, 0x00000000d5980000)
  object space 87552K, 29% used [0x0000000080c00000,0x000000008255fac0,0x0000000086180000)
 Metaspace       used 9322K, capacity 9532K, committed 9728K, reserved 1058816K
  class space    used 1171K, capacity 1261K, committed 1280K, reserved 1048576K

Card table byte_map: [0x0000000011510000,0x0000000011910000] byte_map_base: 0x000000001110a000

Marking Bits: (ParMarkBitMap*) 0x000000006307a5b0
 Begin Bits: [0x00000000123c0000, 0x0000000014390000)
 End Bits:   [0x0000000014390000, 0x0000000016360000)

Polling page: 0x0000000000500000

CodeCache: size=245760Kb used=1834Kb max_used=1837Kb free=243925Kb
 bounds [0x0000000002150000, 0x00000000023c0000, 0x0000000011150000]
 total_blobs=905 nmethods=375 adapters=443
 compilation: enabled

Compilation events (10 events):
Event: 0.522 Thread 0x0000000019237000  356       3       java.util.concurrent.locks.AbstractQueuedSynchronizer::setState (6 bytes)
Event: 0.522 Thread 0x0000000019237000 nmethod 356 0x00000000023166d0 code [0x0000000002316820, 0x0000000002316970]
Event: 0.619 Thread 0x0000000019237000  357       3       java.util.concurrent.locks.AbstractQueuedSynchronizer::release (33 bytes)
Event: 0.619 Thread 0x0000000019237000 nmethod 357 0x0000000002315f10 code [0x0000000002316080, 0x0000000002316398]
Event: 0.619 Thread 0x0000000019237000  359       3       java.util.concurrent.locks.AbstractQueuedSynchronizer::compareAndSetState (13 bytes)
Event: 0.619 Thread 0x0000000019237000 nmethod 359 0x0000000002315bd0 code [0x0000000002315d20, 0x0000000002315e90]
Event: 0.619 Thread 0x0000000019237000  358       3       java.util.concurrent.locks.ReentrantLock$Sync::tryRelease (45 bytes)
Event: 0.619 Thread 0x0000000019237000 nmethod 358 0x0000000002315350 code [0x00000000023154e0, 0x0000000002315a88]
Event: 0.633 Thread 0x0000000019237000  360       3       sun.util.locale.LocaleUtils::isUpper (18 bytes)
Event: 0.633 Thread 0x0000000019237000 nmethod 360 0x0000000002314b50 code [0x0000000002314ca0, 0x0000000002314e70]

GC Heap History (2 events):
Event: 0.617 GC heap before
{Heap before GC invocations=1 (full 0):
 PSYoungGen      total 38400K, used 33280K [0x00000000d5980000, 0x00000000d8400000, 0x0000000100000000)
  eden space 33280K, 100% used [0x00000000d5980000,0x00000000d7a00000,0x00000000d7a00000)
  from space 5120K, 0% used [0x00000000d7f00000,0x00000000d7f00000,0x00000000d8400000)
  to   space 5120K, 0% used [0x00000000d7a00000,0x00000000d7a00000,0x00000000d7f00000)
 ParOldGen       total 87552K, used 25974K [0x0000000080c00000, 0x0000000086180000, 0x00000000d5980000)
  object space 87552K, 29% used [0x0000000080c00000,0x000000008255dac0,0x0000000086180000)
 Metaspace       used 9148K, capacity 9372K, committed 9472K, reserved 1056768K
  class space    used 1152K, capacity 1229K, committed 1280K, reserved 1048576K
Event: 0.619 GC heap after
Heap after GC invocations=1 (full 0):
 PSYoungGen      total 38400K, used 1540K [0x00000000d5980000, 0x00000000d8400000, 0x0000000100000000)
  eden space 33280K, 0% used [0x00000000d5980000,0x00000000d5980000,0x00000000d7a00000)
  from space 5120K, 30% used [0x00000000d7a00000,0x00000000d7b81188,0x00000000d7f00000)
  to   space 5120K, 0% used [0x00000000d7f00000,0x00000000d7f00000,0x00000000d8400000)
 ParOldGen       total 87552K, used 25982K [0x0000000080c00000, 0x0000000086180000, 0x00000000d5980000)
  object space 87552K, 29% used [0x0000000080c00000,0x000000008255fac0,0x0000000086180000)
 Metaspace       used 9148K, capacity 9372K, committed 9472K, reserved 1056768K
  class space    used 1152K, capacity 1229K, committed 1280K, reserved 1048576K
}

Deoptimization events (0 events):
No events

Internal exceptions (10 events):
Event: 0.028 Thread 0x0000000002050800 Exception <a 'java/lang/NoSuchMethodError': Method sun.misc.Unsafe.defineClass(Ljava/lang/String;[BII)Ljava/lang/Class; name or signature does not match> (0x00000000d598cc30) thrown at [C:\re\workspace\8-2-build-windows-amd64-cygwin\jdk8u66\5298\hotspot\sr5×Pæ6Ñœ?
Event: 0.028 Thread 0x0000000002050800 Exception <a 'java/lang/NoSuchMethodError': Method sun.misc.Unsafe.prefetchRead(Ljava/lang/Object;J)V name or signature does not match> (0x00000000d598cf18) thrown at [C:\re\workspace\8-2-build-windows-amd64-cygwin\jdk8u66\5298\hotspot\src\share\vm\prims\jû÷°	ÒCÍ?
Event: 0.229 Thread 0x0000000002050800 Exception <a 'java/security/PrivilegedActionException'> (0x00000000d5b9db88) thrown at [C:\re\workspace\8-2-build-windows-amd64-cygwin\jdk8u66\5298\hotspot\src\share\vm\prims\jvm.cpp, line 1386]
Event: 0.229 Thread 0x0000000002050800 Exception <a 'java/security/PrivilegedActionException'> (0x00000000d5b9dd98) thrown at [C:\re\workspace\8-2-build-windows-amd64-cygwin\jdk8u66\5298\hotspot\src\share\vm\prims\jvm.cpp, line 1386]
Event: 0.229 Thread 0x0000000002050800 Exception <a 'java/security/PrivilegedActionException'> (0x00000000d5ba1940) thrown at [C:\re\workspace\8-2-build-windows-amd64-cygwin\jdk8u66\5298\hotspot\src\share\vm\prims\jvm.cpp, line 1386]
Event: 0.229 Thread 0x0000000002050800 Exception <a 'java/security/PrivilegedActionException'> (0x00000000d5ba1b50) thrown at [C:\re\workspace\8-2-build-windows-amd64-cygwin\jdk8u66\5298\hotspot\src\share\vm\prims\jvm.cpp, line 1386]
Event: 0.232 Thread 0x0000000002050800 Exception <a 'java/io/FileNotFoundException'> (0x00000000d5ba3eb8) thrown at [C:\re\workspace\8-2-build-windows-amd64-cygwin\jdk8u66\5298\hotspot\src\share\vm\prims\jni.cpp, line 709]
Event: 0.257 Thread 0x0000000002050800 Exception <a 'java/lang/NoSuchFieldError': method resolution failed> (0x00000000d5c71860) thrown at [C:\re\workspace\8-2-build-windows-amd64-cygwin\jdk8u66\5298\hotspot\src\share\vm\prims\methodHandles.cpp, line 1146]
Event: 0.258 Thread 0x0000000002050800 Exception <a 'java/lang/NoSuchFieldError': method resolution failed> (0x00000000d5c7ef08) thrown at [C:\re\workspace\8-2-build-windows-amd64-cygwin\jdk8u66\5298\hotspot\src\share\vm\prims\methodHandles.cpp, line 1146]
Event: 0.287 Thread 0x0000000002050800 Exception <a 'java/io/FileNotFoundException'> (0x00000000d5d13290) thrown at [C:\re\workspace\8-2-build-windows-amd64-cygwin\jdk8u66\5298\hotspot\src\share\vm\prims\jni.cpp, line 709]

Events (10 events):
Event: 0.633 loading class sun/util/locale/InternalLocaleBuilder$CaseInsensitiveChar done
Event: 0.634 loading class java/awt/KeyboardFocusManager$3
Event: 0.634 loading class java/awt/KeyboardFocusManager$3 done
Event: 0.635 loading class java/util/Collections$EmptyIterator
Event: 0.635 loading class java/util/Collections$EmptyIterator done
Event: 0.635 loading class sun/awt/im/CompositionAreaHandler
Event: 0.635 loading class sun/awt/im/CompositionAreaHandler done
Event: 0.635 loading class java/text/AttributedString
Event: 0.636 loading class java/text/AttributedString done
Event: 0.636 loading class java/text/AttributedString$AttributedStringIterator


Dynamic libraries:
0x00007ff7ac8e0000 - 0x00007ff7ac917000 	C:\Program Files\Java\jre1.8.0_66\bin\javaw.exe
0x00007ffb1d230000 - 0x00007ffb1d3dc000 	C:\Windows\SYSTEM32\ntdll.dll
0x00007ffb1ce00000 - 0x00007ffb1cf3e000 	C:\Windows\system32\KERNEL32.DLL
0x00007ffb1a4a0000 - 0x00007ffb1a5b5000 	C:\Windows\system32\KERNELBASE.dll
0x00007ffb18f00000 - 0x00007ffb18f8e000 	C:\Windows\system32\apphelp.dll
0x00007ffb10800000 - 0x00007ffb10853000 	C:\Windows\AppPatch\AppPatch64\AcGenral.DLL
0x00007ffb1b060000 - 0x00007ffb1b10a000 	C:\Windows\system32\msvcrt.dll
0x00007ffb1a220000 - 0x00007ffb1a24e000 	C:\Windows\SYSTEM32\SspiCli.dll
0x00007ffb1cf40000 - 0x00007ffb1cf94000 	C:\Windows\system32\SHLWAPI.dll
0x00007ffb1b170000 - 0x00007ffb1b2e7000 	C:\Windows\system32\USER32.dll
0x00007ffb1cfa0000 - 0x00007ffb1d134000 	C:\Windows\system32\ole32.dll
0x00007ffb1b740000 - 0x00007ffb1cc6b000 	C:\Windows\system32\SHELL32.dll
0x00007ffb19970000 - 0x00007ffb19991000 	C:\Windows\SYSTEM32\USERENV.dll
0x00007ffb1d140000 - 0x00007ffb1d1ea000 	C:\Windows\system32\ADVAPI32.dll
0x00007ffb0c380000 - 0x00007ffb0c39e000 	C:\Windows\SYSTEM32\MPR.dll
0x00007ffb1a990000 - 0x00007ffb1aad1000 	C:\Windows\system32\RPCRT4.dll
0x00007ffb1b110000 - 0x00007ffb1b169000 	C:\Windows\SYSTEM32\sechost.dll
0x00007ffb1b2f0000 - 0x00007ffb1b501000 	C:\Windows\SYSTEM32\combase.dll
0x00007ffb1b520000 - 0x00007ffb1b66f000 	C:\Windows\system32\GDI32.dll
0x00007ffb1a380000 - 0x00007ffb1a395000 	C:\Windows\SYSTEM32\profapi.dll
0x00007ffb18930000 - 0x00007ffb189e2000 	C:\Windows\SYSTEM32\SHCORE.dll
0x00007ffb1d1f0000 - 0x00007ffb1d226000 	C:\Windows\system32\IMM32.DLL
0x00007ffb1cc70000 - 0x00007ffb1cdc2000 	C:\Windows\system32\MSCTF.dll
0x00007ffb182a0000 - 0x00007ffb1851b000 	C:\Windows\WinSxS\amd64_microsoft.windows.common-controls_6595b64144ccf1df_6.0.9600.18006_none_623f33d3ecbe86e8\COMCTL32.dll
0x00000000626c0000 - 0x0000000062792000 	C:\Program Files\Java\jre1.8.0_66\bin\msvcr100.dll
0x0000000062870000 - 0x00000000630f9000 	C:\Program Files\Java\jre1.8.0_66\bin\server\jvm.dll
0x00007ffb14ad0000 - 0x00007ffb14ad9000 	C:\Windows\SYSTEM32\WSOCK32.dll
0x00007ffb17b20000 - 0x00007ffb17b42000 	C:\Windows\SYSTEM32\WINMM.dll
0x00007ffb178e0000 - 0x00007ffb178ea000 	C:\Windows\SYSTEM32\VERSION.dll
0x00007ffb1b730000 - 0x00007ffb1b737000 	C:\Windows\system32\PSAPI.DLL
0x00007ffb1abb0000 - 0x00007ffb1ac0a000 	C:\Windows\system32\WS2_32.dll
0x00007ffb17a70000 - 0x00007ffb17a9a000 	C:\Windows\SYSTEM32\WINMMBASE.dll
0x00007ffb1a980000 - 0x00007ffb1a989000 	C:\Windows\system32\NSI.dll
0x00007ffb1a450000 - 0x00007ffb1a49f000 	C:\Windows\SYSTEM32\cfgmgr32.dll
0x00007ffb19170000 - 0x00007ffb19198000 	C:\Windows\SYSTEM32\DEVOBJ.dll
0x0000000062860000 - 0x000000006286f000 	C:\Program Files\Java\jre1.8.0_66\bin\verify.dll
0x0000000062830000 - 0x0000000062859000 	C:\Program Files\Java\jre1.8.0_66\bin\java.dll
0x0000000062810000 - 0x0000000062826000 	C:\Program Files\Java\jre1.8.0_66\bin\zip.dll
0x00007ffaf3c50000 - 0x00007ffaf54d5000 	D:\opencv\build\java\x64\opencv_java300.dll
0x00007ffb107d0000 - 0x00007ffb107f9000 	C:\Windows\SYSTEM32\MSVFW32.dll
0x00007ffb107a0000 - 0x00007ffb107c1000 	C:\Windows\SYSTEM32\AVIFIL32.dll
0x00007ffb10bc0000 - 0x00007ffb10bd7000 	C:\Windows\SYSTEM32\AVICAP32.dll
0x00007ffb1aae0000 - 0x00007ffb1aba1000 	C:\Windows\system32\OLEAUT32.dll
0x00007ffb153f0000 - 0x00007ffb1540c000 	C:\Windows\SYSTEM32\MSACM32.dll
0x0000000062520000 - 0x00000000626b8000 	C:\Program Files\Java\jre1.8.0_66\bin\awt.dll
0x00007ffb186d0000 - 0x00007ffb186f1000 	C:\Windows\system32\DWMAPI.DLL
0x00007ffb18ff0000 - 0x00007ffb19119000 	C:\Windows\system32\uxtheme.dll
0x00007ffb191c0000 - 0x00007ffb191cb000 	C:\Windows\SYSTEM32\kernel.appcore.dll
0x00007ffb1a2c0000 - 0x00007ffb1a2cb000 	C:\Windows\SYSTEM32\CRYPTBASE.dll
0x00007ffb1a250000 - 0x00007ffb1a2b3000 	C:\Windows\SYSTEM32\bcryptPrimitives.dll
0x00007ffb11910000 - 0x00007ffb11b31000 	C:\Windows\system32\d3d9.dll
0x00007ffaf2be0000 - 0x00007ffaf3c4d000 	C:\Windows\SYSTEM32\nvd3dumx.dll
0x0000000180000000 - 0x0000000180179000 	C:\Windows\system32\nvspcap64.dll
0x00007ffb199d0000 - 0x00007ffb19a16000 	C:\Windows\system32\powrprof.dll
0x00007ffb15760000 - 0x00007ffb158cc000 	C:\Program Files (x86)\NVIDIA Corporation\3D Vision\nvSCPAPI64.dll
0x00007ffb1adc0000 - 0x00007ffb1af9a000 	C:\Windows\system32\SETUPAPI.dll
0x00007ffb17180000 - 0x00007ffb174cd000 	C:\Windows\system32\nvapi64.dll
0x00007ffb1a850000 - 0x00007ffb1a8a1000 	C:\Windows\system32\WINTRUST.dll
0x00007ffb1a5c0000 - 0x00007ffb1a79f000 	C:\Windows\system32\CRYPT32.dll
0x00007ffb1a430000 - 0x00007ffb1a441000 	C:\Windows\system32\MSASN1.dll
0x00007ffb17fb0000 - 0x00007ffb18037000 	C:\Windows\system32\dxgi.dll
0x00000000624d0000 - 0x0000000062517000 	C:\Program Files\Java\jre1.8.0_66\bin\fontmanager.dll
0x00000000627f0000 - 0x000000006280a000 	C:\Program Files\Java\jre1.8.0_66\bin\net.dll
0x00007ffb19d50000 - 0x00007ffb19da9000 	C:\Windows\system32\mswsock.dll
0x00000000627d0000 - 0x00000000627e1000 	C:\Program Files\Java\jre1.8.0_66\bin\nio.dll
0x0000000062480000 - 0x00000000624c2000 	C:\Program Files\Java\jre1.8.0_66\bin\t2k.dll
0x00007ffb0cb60000 - 0x00007ffb0cce9000 	C:\Windows\SYSTEM32\dbghelp.dll

VM Arguments:
jvm_args: -Djava.library.path=D:\opencv\build\java\x64 -Dfile.encoding=Cp1252 
java_command: Main
java_class_path (initial): D:\csmaster\opencv-basics\bin;D:\opencv\build\java\opencv-300.jar
Launcher Type: SUN_STANDARD

Environment Variables:
PATH=C:/Program Files/Java/jre1.8.0_66/bin/server;C:/Program Files/Java/jre1.8.0_66/bin;C:/Program Files/Java/jre1.8.0_66/lib/amd64;C:\ProgramData\Oracle\Java\javapath;C:\Program Files (x86)\NVIDIA Corporation\PhysX\Common;C:\Windows\system32;C:\Windows;C:\Windows\System32\Wbem;C:\Windows\System32\WindowsPowerShell\v1.0\;C:\Program Files (x86)\Git\cmd;C:\Program Files (x86)\nodejs\;D:\cmder_mini\;C:\Program Files\MongoDB\Server\3.0\bin;C:\Program Files (x86)\Heroku\bin;C:\Program Files (x86)\git\cmd;C:\Program Files (x86)\Skype\Phone\;C:\HashiCorp\Vagrant\bin;C:\xampp\php;C:\ProgramData\ComposerSetup\bin;C:\Windows\system32\config\systemprofile\.dnx\bin;C:\Program Files\Microsoft DNX\Dnvm\;C:\Program Files\Microsoft SQL Server\120\Tools\Binn\;C:\Program Files (x86)\Brackets\command;C:\Program Files (x86)\Java\jre1.8.0_66\bin;C:\Users\User\AppData\Local\Programs\Python\Python35-32\Scripts\;C:\Users\User\AppData\Local\Programs\Python\Python35-32\;C:\php;C:\Users\User\AppData\Roaming\npm;C:\Users\User\AppData\Local\atom\bin;C:\Program Files (x86)\Microsoft VS Code\bin;D:\eclipse-java-mars-1-win32-x86_64\eclipse;
USERNAME=User
OS=Windows_NT
PROCESSOR_IDENTIFIER=Intel64 Family 6 Model 58 Stepping 9, GenuineIntel



---------------  S Y S T E M  ---------------

OS: Windows 8.1 , 64 bit Build 9600 (6.3.9600.17415)

CPU:total 8 (4 cores per cpu, 2 threads per core) family 6 model 58 stepping 9, cmov, cx8, fxsr, mmx, sse, sse2, sse3, ssse3, sse4.1, sse4.2, popcnt, avx, aes, clmul, erms, ht, tsc, tscinvbit, tscinv

Memory: 4k page, physical 8332036k(3626500k free), swap 15147780k(7628232k free)

vm_info: Java HotSpot(TM) 64-Bit Server VM (25.66-b18) for windows-amd64 JRE (1.8.0_66-b18), built on Nov  9 2015 10:51:13 by "java_re" with MS VC++ 10.0 (VS2010)

time: Tue Dec 15 17:06:17 2015
elapsed time: 0 seconds (0d 0h 0m 0s)

